# JRE version: Java(TM) SE Runtime Environment (21.0.9+7) (build 21.0.9+7-LTS-338)
# Java VM: Java HotSpot(TM) 64-Bit Server VM (21.0.9+7-LTS-338, mixed mode, sharing, tiered, compressed oops, compressed class ptrs, g1 gc, windows-amd64)
GC Precious Log:
 CardTable entry size: 512
 Card Set container configuration: InlinePtr #cards 5 size 8 Array Of Cards #cards 12 size 40 Howl #buckets 4 coarsen threshold 1843 Howl Bitmap #cards 512 size 80 coarsen threshold 460 Card regions per heap region 1 cards per card region 2048
 CPUs: 16 total, 16 available
 Memory: 7532M
 Large Page Support: Disabled
 NUMA Support: Disabled
 Compressed Oops: Enabled (32-bit)
 Heap Region Size: 1M
 Heap Min Capacity: 8M
 Heap Initial Capacity: 118M
 Heap Max Capacity: 1884M
 Pre-touch: Disabled
 Parallel Workers: 13
 Concurrent Workers: 3
 Concurrent Refinement Workers: 13
 Periodic GC: Disabled
Heap:
 garbage-first heap   total 103424K, used 76977K [0x000000008a400000, 0x0000000100000000)
  region size 1024K, 25 young (25600K), 1 survivors (1024K)
 Metaspace       used 103233K, committed 104256K, reserved 1179648K
  class space    used 14088K, committed 14528K, reserved 1048576K
GC Heap History (20 events):
Event: 7.032 GC heap before
{Heap before GC invocations=13 (full 0):
 garbage-first heap   total 103424K, used 88416K [0x000000008a400000, 0x0000000100000000)
  region size 1024K, 56 young (57344K), 5 survivors (5120K)
 Metaspace       used 71019K, committed 71744K, reserved 1114112K
  class space    used 9182K, committed 9536K, reserved 1048576K
}
Event: 7.037 GC heap after
{Heap after GC invocations=14 (full 0):
 garbage-first heap   total 103424K, used 38735K [0x000000008a400000, 0x0000000100000000)
  region size 1024K, 5 young (5120K), 5 survivors (5120K)
 Metaspace       used 71019K, committed 71744K, reserved 1114112K
  class space    used 9182K, committed 9536K, reserved 1048576K
}
Event: 8.231 GC heap before
{Heap before GC invocations=14 (full 0):
 garbage-first heap   total 103424K, used 89935K [0x000000008a400000, 0x0000000100000000)
  region size 1024K, 55 young (56320K), 5 survivors (5120K)
 Metaspace       used 82313K, committed 83072K, reserved 1179648K
  class space    used 10912K, committed 11264K, reserved 1048576K
}
Event: 8.237 GC heap after
{Heap after GC invocations=15 (full 0):
 garbage-first heap   total 103424K, used 41699K [0x000000008a400000, 0x0000000100000000)
  region size 1024K, 6 young (6144K), 6 survivors (6144K)
 Metaspace       used 82313K, committed 83072K, reserved 1179648K
  class space    used 10912K, committed 11264K, reserved 1048576K
}
Event: 9.039 GC heap before
{Heap before GC invocations=15 (full 0):
 garbage-first heap   total 103424K, used 89827K [0x000000008a400000, 0x0000000100000000)
  region size 1024K, 53 young (54272K), 6 survivors (6144K)
 Metaspace       used 86743K, committed 87552K, reserved 1179648K
  class space    used 11508K, committed 11904K, reserved 1048576K
}
Event: 9.044 GC heap after
{Heap after GC invocations=16 (full 0):
 garbage-first heap   total 103424K, used 44526K [0x000000008a400000, 0x0000000100000000)
  region size 1024K, 6 young (6144K), 6 survivors (6144K)
 Metaspace       used 86743K, committed 87552K, reserved 1179648K
  class space    used 11508K, committed 11904K, reserved 1048576K
}
Event: 9.974 GC heap before
{Heap before GC invocations=16 (full 0):
 garbage-first heap   total 103424K, used 90606K [0x000000008a400000, 0x0000000100000000)
  region size 1024K, 51 young (52224K), 6 survivors (6144K)
 Metaspace       used 91778K, committed 92672K, reserved 1179648K
  class space    used 12291K, committed 12736K, reserved 1048576K
}
Event: 9.983 GC heap after
{Heap after GC invocations=17 (full 0):
 garbage-first heap   total 103424K, used 48772K [0x000000008a400000, 0x0000000100000000)
  region size 1024K, 7 young (7168K), 7 survivors (7168K)
 Metaspace       used 91778K, committed 92672K, reserved 1179648K
  class space    used 12291K, committed 12736K, reserved 1048576K
}
Event: 10.213 GC heap before
{Heap before GC invocations=18 (full 0):
 garbage-first heap   total 103424K, used 89732K [0x000000008a400000, 0x0000000100000000)
  region size 1024K, 47 young (48128K), 7 survivors (7168K)
 Metaspace       used 93165K, committed 94080K, reserved 1179648K
  class space    used 12537K, committed 12928K, reserved 1048576K
}
Event: 10.220 GC heap after
{Heap after GC invocations=19 (full 0):
 garbage-first heap   total 103424K, used 51548K [0x000000008a400000, 0x0000000100000000)
  region size 1024K, 4 young (4096K), 4 survivors (4096K)
 Metaspace       used 93165K, committed 94080K, reserved 1179648K
  class space    used 12537K, committed 12928K, reserved 1048576K
}
Event: 11.308 GC heap before
{Heap before GC invocations=19 (full 0):
 garbage-first heap   total 103424K, used 91484K [0x000000008a400000, 0x0000000100000000)
  region size 1024K, 43 young (44032K), 4 survivors (4096K)
 Metaspace       used 102447K, committed 103424K, reserved 1179648K
  class space    used 14010K, committed 14464K, reserved 1048576K
}
Event: 11.315 GC heap after
{Heap after GC invocations=20 (full 0):
 garbage-first heap   total 103424K, used 53482K [0x000000008a400000, 0x0000000100000000)
  region size 1024K, 6 young (6144K), 6 survivors (6144K)
 Metaspace       used 102447K, committed 103424K, reserved 1179648K
  class space    used 14010K, committed 14464K, reserved 1048576K
}
Event: 14.063 GC heap before
{Heap before GC invocations=20 (full 0):
 garbage-first heap   total 103424K, used 89322K [0x000000008a400000, 0x0000000100000000)
  region size 1024K, 42 young (43008K), 6 survivors (6144K)
 Metaspace       used 102958K, committed 103936K, reserved 1179648K
  class space    used 14073K, committed 14528K, reserved 1048576K
}
Event: 14.066 GC heap after
{Heap after GC invocations=21 (full 0):
 garbage-first heap   total 103424K, used 54103K [0x000000008a400000, 0x0000000100000000)
  region size 1024K, 4 young (4096K), 4 survivors (4096K)
 Metaspace       used 102958K, committed 103936K, reserved 1179648K
  class space    used 14073K, committed 14528K, reserved 1048576K
}
Event: 28.990 GC heap before
{Heap before GC invocations=22 (full 0):
 garbage-first heap   total 103424K, used 90967K [0x000000008a400000, 0x0000000100000000)
  region size 1024K, 41 young (41984K), 4 survivors (4096K)
 Metaspace       used 103047K, committed 104000K, reserved 1179648K
  class space    used 14074K, committed 14528K, reserved 1048576K
}
Event: 28.995 GC heap after
{Heap after GC invocations=23 (full 0):
 garbage-first heap   total 103424K, used 54257K [0x000000008a400000, 0x0000000100000000)
  region size 1024K, 4 young (4096K), 4 survivors (4096K)
 Metaspace       used 103047K, committed 104000K, reserved 1179648K
  class space    used 14074K, committed 14528K, reserved 1048576K
}
Event: 38.993 GC heap before
{Heap before GC invocations=23 (full 0):
 garbage-first heap   total 103424K, used 92145K [0x000000008a400000, 0x0000000100000000)
  region size 1024K, 41 young (41984K), 4 survivors (4096K)
 Metaspace       used 103093K, committed 104128K, reserved 1179648K
  class space    used 14079K, committed 14528K, reserved 1048576K
}
Event: 38.997 GC heap after
{Heap after GC invocations=24 (full 0):
 garbage-first heap   total 103424K, used 53519K [0x000000008a400000, 0x0000000100000000)
  region size 1024K, 1 young (1024K), 1 survivors (1024K)
 Metaspace       used 103093K, committed 104128K, reserved 1179648K
  class space    used 14079K, committed 14528K, reserved 1048576K
}
Event: 50.116 GC heap before
{Heap before GC invocations=24 (full 0):
 garbage-first heap   total 103424K, used 95503K [0x000000008a400000, 0x0000000100000000)
  region size 1024K, 42 young (43008K), 1 survivors (1024K)
 Metaspace       used 103195K, committed 104192K, reserved 1179648K
  class space    used 14088K, committed 14528K, reserved 1048576K
}
Event: 50.155 GC heap after
{Heap after GC invocations=25 (full 0):
 garbage-first heap   total 103424K, used 53425K [0x000000008a400000, 0x0000000100000000)
  region size 1024K, 1 young (1024K), 1 survivors (1024K)
 Metaspace       used 103195K, committed 104192K, reserved 1179648K
  class space    used 14088K, committed 14528K, reserved 1048576K
}

